Unity Editor version:    2022.3.53f1 (df4e529d20d3)
Branch:                  2022.3/staging
Build type:              Release
Batch mode:              YES
macOS version:           Version 15.1.1 (Build 24B2091)
Darwin version:          24.1.0
Architecture:            arm64
Running under Rosetta:   NO
Available memory:        16384 MB
Using pre-set license
Pro License: YES

COMMAND LINE ARGUMENTS:
/Applications/Unity/Hub/Editor/2022.3.53f1/Unity.app/Contents/MacOS/Unity
-adb2
-batchMode
-noUpm
-name
AssetImportWorker0
-projectPath
/Users/zhannn/Documents/GitHub/Investigator2/Investigator
-logFile
Logs/AssetImportWorker0.log
-srvPort
49654
Successfully changed project path to: /Users/zhannn/Documents/GitHub/Investigator2/Investigator
/Users/zhannn/Documents/GitHub/Investigator2/Investigator
[UnityMemory] Configuration Parameters - Can be set up in boot.config
    "memorysetup-bucket-allocator-granularity=16"
    "memorysetup-bucket-allocator-bucket-count=8"
    "memorysetup-bucket-allocator-block-size=33554432"
    "memorysetup-bucket-allocator-block-count=8"
    "memorysetup-main-allocator-block-size=16777216"
    "memorysetup-thread-allocator-block-size=16777216"
    "memorysetup-gfx-main-allocator-block-size=16777216"
    "memorysetup-gfx-thread-allocator-block-size=16777216"
    "memorysetup-cache-allocator-block-size=4194304"
    "memorysetup-typetree-allocator-block-size=2097152"
    "memorysetup-profiler-bucket-allocator-granularity=16"
    "memorysetup-profiler-bucket-allocator-bucket-count=8"
    "memorysetup-profiler-bucket-allocator-block-size=33554432"
    "memorysetup-profiler-bucket-allocator-block-count=8"
    "memorysetup-profiler-allocator-block-size=16777216"
    "memorysetup-profiler-editor-allocator-block-size=1048576"
    "memorysetup-temp-allocator-size-main=16777216"
    "memorysetup-job-temp-allocator-block-size=2097152"
    "memorysetup-job-temp-allocator-block-size-background=1048576"
    "memorysetup-job-temp-allocator-reduction-small-platforms=262144"
    "memorysetup-allocator-temp-initial-block-size-main=262144"
    "memorysetup-allocator-temp-initial-block-size-worker=262144"
    "memorysetup-temp-allocator-size-background-worker=32768"
    "memorysetup-temp-allocator-size-job-worker=262144"
    "memorysetup-temp-allocator-size-preload-manager=33554432"
    "memorysetup-temp-allocator-size-nav-mesh-worker=65536"
    "memorysetup-temp-allocator-size-audio-worker=65536"
    "memorysetup-temp-allocator-size-cloud-worker=32768"
    "memorysetup-temp-allocator-size-gi-baking-worker=262144"
    "memorysetup-temp-allocator-size-gfx=262144"
Player connection [8277129920]  Target information:

Player connection [8277129920]  * "[IP] 10.25.46.6 [Port] 0 [Flags] 2 [Guid] 2153522096 [EditorId] 2153522096 [Version] 1048832 [Id] OSXEditor(0,Zhans-MacBook-Pro.local) [Debug] 1 [PackageName] OSXEditor [ProjectName] Editor" 

Player connection [8277129920] Host joined multi-casting on [225.0.0.222:54997]...
Player connection [8277129920] Host joined alternative multi-casting on [225.0.0.222:34997]...
[PhysX] Initialized MultithreadedTaskDispatcher with 10 workers.
Refreshing native plugins compatible for Editor in 11.24 ms, found 3 plugins.
Preloading 0 native plugins for Editor in 0.00 ms.
Initialize engine version: 2022.3.53f1 (df4e529d20d3)
[Subsystems] Discovering subsystems at path /Applications/Unity/Hub/Editor/2022.3.53f1/Unity.app/Contents/Resources/UnitySubsystems
[Subsystems] Discovering subsystems at path /Users/zhannn/Documents/GitHub/Investigator2/Investigator/Assets
GfxDevice: creating device client; threaded=0; jobified=0
 preferred device: Apple M4 (high power)
Metal devices available: 1
0: Apple M4 (high power)
Using device Apple M4 (high power)
Initializing Metal device caps: Apple M4
Initialize mono
Mono path[0] = '/Applications/Unity/Hub/Editor/2022.3.53f1/Unity.app/Contents/Managed'
Mono path[1] = '/Applications/Unity/Hub/Editor/2022.3.53f1/Unity.app/Contents/MonoBleedingEdge/lib/mono/unityjit-macos'
Mono config path = '/Applications/Unity/Hub/Editor/2022.3.53f1/Unity.app/Contents/MonoBleedingEdge/etc'
Using monoOptions --debugger-agent=transport=dt_socket,embedding=1,server=y,suspend=n,address=127.0.0.1:56491
Begin MonoManager ReloadAssembly
Registering precompiled unity dll's ...
Register platform support module: /Applications/Unity/Hub/Editor/2022.3.53f1/Unity.app/Contents/PlaybackEngines/MacStandaloneSupport/UnityEditor.OSXStandalone.Extensions.dll
Register platform support module: /Applications/Unity/Hub/Editor/2022.3.53f1/PlaybackEngines/iOSSupport/UnityEditor.iOS.Extensions.dll
Registered in 0.002656 seconds.
- Loaded All Assemblies, in  0.201 seconds
[usbmuxd] Start listen thread
[usbmuxd] Listen thread started
[usbmuxd] Send listen message
Native extension for iOS target not found
Native extension for OSXStandalone target not found
Mono: successfully reloaded assembly
- Finished resetting the current domain, in  0.157 seconds
Domain Reload Profiling: 358ms
	BeginReloadAssembly (68ms)
		ExecutionOrderSort (0ms)
		DisableScriptedObjects (0ms)
		BackupInstance (0ms)
		ReleaseScriptingObjects (0ms)
		CreateAndSetChildDomain (1ms)
	RebuildCommonClasses (19ms)
	RebuildNativeTypeToScriptingClass (5ms)
	initialDomainReloadingComplete (25ms)
	LoadAllAssembliesAndSetupDomain (83ms)
		LoadAssemblies (70ms)
		RebuildTransferFunctionScriptingTraits (0ms)
		AnalyzeDomain (79ms)
			TypeCache.Refresh (78ms)
				TypeCache.ScanAssembly (70ms)
			ScanForSourceGeneratedMonoScriptInfo (0ms)
			ResolveRequiredComponents (0ms)
	FinalizeReload (157ms)
		ReleaseScriptCaches (0ms)
		RebuildScriptCaches (0ms)
		SetupLoadedEditorAssemblies (134ms)
			LogAssemblyErrors (0ms)
			InitializePlatformSupportModulesInManaged (47ms)
			SetLoadedEditorAssemblies (3ms)
			RefreshPlugins (0ms)
			BeforeProcessingInitializeOnLoad (1ms)
			ProcessInitializeOnLoadAttributes (63ms)
			ProcessInitializeOnLoadMethodAttributes (20ms)
			AfterProcessingInitializeOnLoad (0ms)
			EditorAssembliesLoaded (0ms)
		ExecutionOrderSort2 (0ms)
		AwakeInstancesAfterBackupRestoration (0ms)
========================================================================
Worker process is ready to serve import requests
Caller must complete domain reload
Begin MonoManager ReloadAssembly
- Loaded All Assemblies, in  0.399 seconds
Native extension for iOS target not found
Native extension for OSXStandalone target not found
Mono: successfully reloaded assembly
- Finished resetting the current domain, in  0.348 seconds
Domain Reload Profiling: 743ms
	BeginReloadAssembly (64ms)
		ExecutionOrderSort (0ms)
		DisableScriptedObjects (2ms)
		BackupInstance (0ms)
		ReleaseScriptingObjects (0ms)
		CreateAndSetChildDomain (13ms)
	RebuildCommonClasses (18ms)
	RebuildNativeTypeToScriptingClass (6ms)
	initialDomainReloadingComplete (17ms)
	LoadAllAssembliesAndSetupDomain (291ms)
		LoadAssemblies (206ms)
		RebuildTransferFunctionScriptingTraits (0ms)
		AnalyzeDomain (117ms)
			TypeCache.Refresh (100ms)
				TypeCache.ScanAssembly (84ms)
			ScanForSourceGeneratedMonoScriptInfo (10ms)
			ResolveRequiredComponents (7ms)
	FinalizeReload (348ms)
		ReleaseScriptCaches (0ms)
		RebuildScriptCaches (0ms)
		SetupLoadedEditorAssemblies (260ms)
			LogAssemblyErrors (0ms)
			InitializePlatformSupportModulesInManaged (13ms)
			SetLoadedEditorAssemblies (3ms)
			RefreshPlugins (0ms)
			BeforeProcessingInitializeOnLoad (32ms)
			ProcessInitializeOnLoadAttributes (195ms)
			ProcessInitializeOnLoadMethodAttributes (17ms)
			AfterProcessingInitializeOnLoad (1ms)
			EditorAssembliesLoaded (0ms)
		ExecutionOrderSort2 (0ms)
		AwakeInstancesAfterBackupRestoration (2ms)
Launching external process: /Applications/Unity/Hub/Editor/2022.3.53f1/Unity.app/Contents/Tools/UnityShaderCompiler
Launched and connected shader compiler UnityShaderCompiler after 0.05 seconds
Refreshing native plugins compatible for Editor in 0.84 ms, found 3 plugins.
Preloading 0 native plugins for Editor in 0.00 ms.
Unloading 4707 Unused Serialized files (Serialized files now loaded: 0)
Unloading 38 unused Assets / (194.5 KB). Loaded Objects now: 5171.
Memory consumption went from 161.2 MB to 161.1 MB.
Total: 2.639083 ms (FindLiveObjects: 0.154792 ms CreateObjectMapping: 0.046958 ms MarkObjects: 2.261458 ms  DeleteObjects: 0.175083 ms)

AssetImportParameters requested are different than current active one (requested -> active):
  custom:container-demuxer-ogg: 62fdf1f143b41e24485cea50d1cbac27 -> 
  custom:video-decoder-ogg-theora: a1e56fd34408186e4bbccfd4996cb3dc -> 
  custom:CustomObjectIndexerAttribute: 9a22284fe3817be447336de3de66b15e -> 
  custom:container-demuxer-webm: 4f35f7cbe854078d1ac9338744f61a02 -> 
  custom:container-muxer-webm: aa71ff27fc2769a1b78a27578f13a17b -> 
  custom:video-decoder-webm-vp8: 9c59270c3fd7afecdb556c50c9e8de78 -> 
  custom:SearchIndexIgnoredProperties: e643bd26f0fe6173181afceb89e7c659 -> 
  custom:AudioImporter_EditorPlatform: 3918e3fc78b5a79bad01e8451be0beb8 -> 
  custom:framework-osx-AVFoundation: e770b220cccbd017edd2c1fefb359320 -> 
  custom:video-encoder-webm-vp8: eb34c28f22e8b96e1ab97ce403110664 -> 
  custom:audio-decoder-ogg-vorbis: bf7c407c2cedff20999df2af8eb42d56 -> 
  custom:audio-encoder-webm-vorbis: bf7c407c2cedff20999df2af8eb42d56 -> 
========================================================================
Received Import Request.
  Time since last request: 122970.985316 seconds.
  path: Assets/Layer 2.png
  artifactKey: Guid(59cb64c3127f84a86be9d4d9e7e838f9) Importer(815301076,1909f56bfc062723c751e8b465ee728b)
Start importing Assets/Layer 2.png using Guid(59cb64c3127f84a86be9d4d9e7e838f9) Importer(815301076,1909f56bfc062723c751e8b465ee728b) [PhysX] Initialized MultithreadedTaskDispatcher with 10 workers.
[PhysX] Initialized MultithreadedTaskDispatcher with 10 workers.
 -> (artifact id: '22adb5f754c5e076cb8fdf75486479cf') in 0.084139 seconds
Number of updated asset objects reloaded before import = 0
Number of asset objects unloaded after import = 3
========================================================================
Received Import Request.
  Time since last request: 0.000076 seconds.
  path: Assets/Layer 5.png
  artifactKey: Guid(11a0ed3b1a279425fa4727678098db03) Importer(815301076,1909f56bfc062723c751e8b465ee728b)
Start importing Assets/Layer 5.png using Guid(11a0ed3b1a279425fa4727678098db03) Importer(815301076,1909f56bfc062723c751e8b465ee728b) [PhysX] Initialized MultithreadedTaskDispatcher with 10 workers.
[PhysX] Initialized MultithreadedTaskDispatcher with 10 workers.
 -> (artifact id: 'b447cc6b581640ab45dafa6bf2ec33df') in 0.011463 seconds
Number of updated asset objects reloaded before import = 0
Number of asset objects unloaded after import = 3
========================================================================
Received Import Request.
  Time since last request: 24.851814 seconds.
  path: Assets/Layer 2.png
  artifactKey: Guid(59cb64c3127f84a86be9d4d9e7e838f9) Importer(815301076,1909f56bfc062723c751e8b465ee728b)
Start importing Assets/Layer 2.png using Guid(59cb64c3127f84a86be9d4d9e7e838f9) Importer(815301076,1909f56bfc062723c751e8b465ee728b) [PhysX] Initialized MultithreadedTaskDispatcher with 10 workers.
[PhysX] Initialized MultithreadedTaskDispatcher with 10 workers.
 -> (artifact id: 'ee4d344ab897552d093513d07b075b2b') in 0.019396 seconds
Number of updated asset objects reloaded before import = 0
Number of asset objects unloaded after import = 3
========================================================================
Received Import Request.
  Time since last request: 0.000167 seconds.
  path: Assets/Layer 5.png
  artifactKey: Guid(11a0ed3b1a279425fa4727678098db03) Importer(815301076,1909f56bfc062723c751e8b465ee728b)
Start importing Assets/Layer 5.png using Guid(11a0ed3b1a279425fa4727678098db03) Importer(815301076,1909f56bfc062723c751e8b465ee728b) [PhysX] Initialized MultithreadedTaskDispatcher with 10 workers.
[PhysX] Initialized MultithreadedTaskDispatcher with 10 workers.
 -> (artifact id: '0d93471eed59fadb6a913d1513b97108') in 0.007498 seconds
Number of updated asset objects reloaded before import = 0
Number of asset objects unloaded after import = 3
========================================================================
Received Import Request.
  Time since last request: 120.551521 seconds.
  path: Assets/Layer 2.png
  artifactKey: Guid(59cb64c3127f84a86be9d4d9e7e838f9) Importer(815301076,1909f56bfc062723c751e8b465ee728b)
Start importing Assets/Layer 2.png using Guid(59cb64c3127f84a86be9d4d9e7e838f9) Importer(815301076,1909f56bfc062723c751e8b465ee728b) [PhysX] Initialized MultithreadedTaskDispatcher with 10 workers.
[PhysX] Initialized MultithreadedTaskDispatcher with 10 workers.
 -> (artifact id: '7f5be9a87cb8c3622605e3b77ea1f4a8') in 0.117373 seconds
Number of updated asset objects reloaded before import = 0
Number of asset objects unloaded after import = 3
========================================================================
Received Import Request.
  Time since last request: 9.455971 seconds.
  path: Assets/Layer 3.png
  artifactKey: Guid(8519981a39f8d42e9a7fad2e564cacf4) Importer(815301076,1909f56bfc062723c751e8b465ee728b)
Start importing Assets/Layer 3.png using Guid(8519981a39f8d42e9a7fad2e564cacf4) Importer(815301076,1909f56bfc062723c751e8b465ee728b) [PhysX] Initialized MultithreadedTaskDispatcher with 10 workers.
[PhysX] Initialized MultithreadedTaskDispatcher with 10 workers.
 -> (artifact id: '51b3ea069eb109fa8e9a2f287b544a2d') in 0.016076 seconds
Number of updated asset objects reloaded before import = 0
Number of asset objects unloaded after import = 3
========================================================================
Received Import Request.
  Time since last request: 76.627822 seconds.
  path: Assets/Key Chanin.png
  artifactKey: Guid(28b8d9140850b4978a8f0bd342f49e49) Importer(815301076,1909f56bfc062723c751e8b465ee728b)
Start importing Assets/Key Chanin.png using Guid(28b8d9140850b4978a8f0bd342f49e49) Importer(815301076,1909f56bfc062723c751e8b465ee728b) [PhysX] Initialized MultithreadedTaskDispatcher with 10 workers.
[PhysX] Initialized MultithreadedTaskDispatcher with 10 workers.
 -> (artifact id: 'd85506941457167e7946deb8f7d7033e') in 0.075768 seconds
Number of updated asset objects reloaded before import = 0
Number of asset objects unloaded after import = 3
========================================================================
Received Import Request.
  Time since last request: 8.658540 seconds.
  path: Assets/Key Chanin.png
  artifactKey: Guid(28b8d9140850b4978a8f0bd342f49e49) Importer(815301076,1909f56bfc062723c751e8b465ee728b)
Start importing Assets/Key Chanin.png using Guid(28b8d9140850b4978a8f0bd342f49e49) Importer(815301076,1909f56bfc062723c751e8b465ee728b) [PhysX] Initialized MultithreadedTaskDispatcher with 10 workers.
[PhysX] Initialized MultithreadedTaskDispatcher with 10 workers.
 -> (artifact id: '7876c2d573b80cbfd247174a86cde1f7') in 0.014818 seconds
Number of updated asset objects reloaded before import = 0
Number of asset objects unloaded after import = 3
========================================================================
Received Import Request.
  Time since last request: 5056.864631 seconds.
  path: Assets/Screenshot 2025-02-05 at 11.35.22 PM.png
  artifactKey: Guid(97a880bac2ac3480da2b7bf558973e9e) Importer(815301076,1909f56bfc062723c751e8b465ee728b)
Start importing Assets/Screenshot 2025-02-05 at 11.35.22 PM.png using Guid(97a880bac2ac3480da2b7bf558973e9e) Importer(815301076,1909f56bfc062723c751e8b465ee728b) [PhysX] Initialized MultithreadedTaskDispatcher with 10 workers.
[PhysX] Initialized MultithreadedTaskDispatcher with 10 workers.
 -> (artifact id: '002a1ffd351079e46faa7da3db632b87') in 0.052648 seconds
Number of updated asset objects reloaded before import = 0
Number of asset objects unloaded after import = 3
========================================================================
Received Import Request.
  Time since last request: 133.633632 seconds.
  path: Assets/Room 1 Set Scene.png
  artifactKey: Guid(97a880bac2ac3480da2b7bf558973e9e) Importer(815301076,1909f56bfc062723c751e8b465ee728b)
Start importing Assets/Room 1 Set Scene.png using Guid(97a880bac2ac3480da2b7bf558973e9e) Importer(815301076,1909f56bfc062723c751e8b465ee728b) [PhysX] Initialized MultithreadedTaskDispatcher with 10 workers.
[PhysX] Initialized MultithreadedTaskDispatcher with 10 workers.
 -> (artifact id: '3bebd3b1195932a3dabc627cffcd757f') in 0.052545 seconds
Number of updated asset objects reloaded before import = 0
Number of asset objects unloaded after import = 3
========================================================================
Received Import Request.
  Time since last request: 20.232150 seconds.
  path: Assets/Room 01.png
  artifactKey: Guid(97a880bac2ac3480da2b7bf558973e9e) Importer(815301076,1909f56bfc062723c751e8b465ee728b)
Start importing Assets/Room 01.png using Guid(97a880bac2ac3480da2b7bf558973e9e) Importer(815301076,1909f56bfc062723c751e8b465ee728b) [PhysX] Initialized MultithreadedTaskDispatcher with 10 workers.
[PhysX] Initialized MultithreadedTaskDispatcher with 10 workers.
 -> (artifact id: '6ddbb9b9c168cb7aa7e03f28a9b6d7f4') in 0.012618 seconds
Number of updated asset objects reloaded before import = 0
Number of asset objects unloaded after import = 3
========================================================================
Received Import Request.
  Time since last request: 475.043033 seconds.
  path: Assets/Level 2
  artifactKey: Guid(2741c29a3c3504c05a0ea2277b46ec6b) Importer(815301076,1909f56bfc062723c751e8b465ee728b)
Start importing Assets/Level 2 using Guid(2741c29a3c3504c05a0ea2277b46ec6b) Importer(815301076,1909f56bfc062723c751e8b465ee728b) [PhysX] Initialized MultithreadedTaskDispatcher with 10 workers.
 -> (artifact id: '7fd9280d62c7232a63ea0f602583bb94') in 0.001936 seconds
Number of updated asset objects reloaded before import = 0
Number of asset objects unloaded after import = 0
========================================================================
Received Import Request.
  Time since last request: 0.069707 seconds.
  path: Assets/Level 2/Layer 2.png
  artifactKey: Guid(c9e33d60338db430ab1740a92f1d3225) Importer(815301076,1909f56bfc062723c751e8b465ee728b)
Start importing Assets/Level 2/Layer 2.png using Guid(c9e33d60338db430ab1740a92f1d3225) Importer(815301076,1909f56bfc062723c751e8b465ee728b) [PhysX] Initialized MultithreadedTaskDispatcher with 10 workers.
[PhysX] Initialized MultithreadedTaskDispatcher with 10 workers.
 -> (artifact id: '1f6bb96820e99412da8284b1e3912865') in 0.033779 seconds
Number of updated asset objects reloaded before import = 0
Number of asset objects unloaded after import = 3
========================================================================
Received Import Request.
  Time since last request: 0.000197 seconds.
  path: Assets/Level 2/Layer 12.png
  artifactKey: Guid(148404769451d4297b39363e6db8d488) Importer(815301076,1909f56bfc062723c751e8b465ee728b)
Start importing Assets/Level 2/Layer 12.png using Guid(148404769451d4297b39363e6db8d488) Importer(815301076,1909f56bfc062723c751e8b465ee728b) [PhysX] Initialized MultithreadedTaskDispatcher with 10 workers.
[PhysX] Initialized MultithreadedTaskDispatcher with 10 workers.
 -> (artifact id: '05762415ec494266a42e1bbb0b447d81') in 0.007961 seconds
Number of updated asset objects reloaded before import = 0
Number of asset objects unloaded after import = 3
========================================================================
Received Import Request.
  Time since last request: 0.000050 seconds.
  path: Assets/Level 2/Layer 7.png
  artifactKey: Guid(18ef6492f4d6849d28d8adc33493c401) Importer(815301076,1909f56bfc062723c751e8b465ee728b)
Start importing Assets/Level 2/Layer 7.png using Guid(18ef6492f4d6849d28d8adc33493c401) Importer(815301076,1909f56bfc062723c751e8b465ee728b) [PhysX] Initialized MultithreadedTaskDispatcher with 10 workers.
[PhysX] Initialized MultithreadedTaskDispatcher with 10 workers.
 -> (artifact id: 'bdd575933b95590ca3b7638092f803a4') in 0.007294 seconds
Number of updated asset objects reloaded before import = 0
Number of asset objects unloaded after import = 3
========================================================================
Received Import Request.
  Time since last request: 0.000397 seconds.
  path: Assets/Level 2/Layer 5.png
  artifactKey: Guid(24a3c2be2d83341ffb1abad53fceb5a8) Importer(815301076,1909f56bfc062723c751e8b465ee728b)
Start importing Assets/Level 2/Layer 5.png using Guid(24a3c2be2d83341ffb1abad53fceb5a8) Importer(815301076,1909f56bfc062723c751e8b465ee728b) [PhysX] Initialized MultithreadedTaskDispatcher with 10 workers.
[PhysX] Initialized MultithreadedTaskDispatcher with 10 workers.
 -> (artifact id: 'd2d94eaac607552d3d12816a60a885b1') in 0.008376 seconds
Number of updated asset objects reloaded before import = 0
Number of asset objects unloaded after import = 3
========================================================================
Received Import Request.
  Time since last request: 0.000132 seconds.
  path: Assets/Level 2/Layer 11.png
  artifactKey: Guid(4241e105e6f7042a496412fe4092be0c) Importer(815301076,1909f56bfc062723c751e8b465ee728b)
Start importing Assets/Level 2/Layer 11.png using Guid(4241e105e6f7042a496412fe4092be0c) Importer(815301076,1909f56bfc062723c751e8b465ee728b) [PhysX] Initialized MultithreadedTaskDispatcher with 10 workers.
[PhysX] Initialized MultithreadedTaskDispatcher with 10 workers.
 -> (artifact id: '8fbabb004f6cdbd383009a0ef316c6ed') in 0.005554 seconds
Number of updated asset objects reloaded before import = 0
Number of asset objects unloaded after import = 3
========================================================================
Received Import Request.
  Time since last request: 0.000121 seconds.
  path: Assets/Level 2/Layer 10.png
  artifactKey: Guid(cc3000a19a4ef4282a87fe07d1ccacf4) Importer(815301076,1909f56bfc062723c751e8b465ee728b)
Start importing Assets/Level 2/Layer 10.png using Guid(cc3000a19a4ef4282a87fe07d1ccacf4) Importer(815301076,1909f56bfc062723c751e8b465ee728b) [PhysX] Initialized MultithreadedTaskDispatcher with 10 workers.
[PhysX] Initialized MultithreadedTaskDispatcher with 10 workers.
 -> (artifact id: 'd4dd6bc86625af34c32a2fbb7ea8ae06') in 0.005529 seconds
Number of updated asset objects reloaded before import = 0
Number of asset objects unloaded after import = 3
========================================================================
Received Import Request.
  Time since last request: 0.000032 seconds.
  path: Assets/Level 2/Layer 4.png
  artifactKey: Guid(89e886921c7964b07bde4509d9fe9bc4) Importer(815301076,1909f56bfc062723c751e8b465ee728b)
Start importing Assets/Level 2/Layer 4.png using Guid(89e886921c7964b07bde4509d9fe9bc4) Importer(815301076,1909f56bfc062723c751e8b465ee728b) [PhysX] Initialized MultithreadedTaskDispatcher with 10 workers.
[PhysX] Initialized MultithreadedTaskDispatcher with 10 workers.
 -> (artifact id: '7ab5d511b298cd42364a85b17bef97e9') in 0.003773 seconds
Number of updated asset objects reloaded before import = 0
Number of asset objects unloaded after import = 3
========================================================================
Received Import Request.
  Time since last request: 0.000061 seconds.
  path: Assets/Level 2/Layer 8.png
  artifactKey: Guid(49facd1ad0be0413c94f185cba6a641a) Importer(815301076,1909f56bfc062723c751e8b465ee728b)
Start importing Assets/Level 2/Layer 8.png using Guid(49facd1ad0be0413c94f185cba6a641a) Importer(815301076,1909f56bfc062723c751e8b465ee728b) [PhysX] Initialized MultithreadedTaskDispatcher with 10 workers.
[PhysX] Initialized MultithreadedTaskDispatcher with 10 workers.
 -> (artifact id: 'ce9b10b131905da797ff179af59a649a') in 0.003866 seconds
Number of updated asset objects reloaded before import = 0
Number of asset objects unloaded after import = 3
========================================================================
Received Import Request.
  Time since last request: 23.598399 seconds.
  path: Assets/Level 2/Layer 4.png
  artifactKey: Guid(89e886921c7964b07bde4509d9fe9bc4) Importer(815301076,1909f56bfc062723c751e8b465ee728b)
Start importing Assets/Level 2/Layer 4.png using Guid(89e886921c7964b07bde4509d9fe9bc4) Importer(815301076,1909f56bfc062723c751e8b465ee728b) [PhysX] Initialized MultithreadedTaskDispatcher with 10 workers.
[PhysX] Initialized MultithreadedTaskDispatcher with 10 workers.
 -> (artifact id: '710e0c694a478c2397bc82196c9914f9') in 0.010542 seconds
Number of updated asset objects reloaded before import = 0
Number of asset objects unloaded after import = 3
========================================================================
Received Import Request.
  Time since last request: 0.000886 seconds.
  path: Assets/Level 2/Layer 12.png
  artifactKey: Guid(148404769451d4297b39363e6db8d488) Importer(815301076,1909f56bfc062723c751e8b465ee728b)
Start importing Assets/Level 2/Layer 12.png using Guid(148404769451d4297b39363e6db8d488) Importer(815301076,1909f56bfc062723c751e8b465ee728b) [PhysX] Initialized MultithreadedTaskDispatcher with 10 workers.
[PhysX] Initialized MultithreadedTaskDispatcher with 10 workers.
 -> (artifact id: 'ae28281dd7e17420cd53d672e7c4884a') in 0.004196 seconds
Number of updated asset objects reloaded before import = 0
Number of asset objects unloaded after import = 3
========================================================================
Received Import Request.
  Time since last request: 0.000055 seconds.
  path: Assets/Level 2/Layer 7.png
  artifactKey: Guid(18ef6492f4d6849d28d8adc33493c401) Importer(815301076,1909f56bfc062723c751e8b465ee728b)
Start importing Assets/Level 2/Layer 7.png using Guid(18ef6492f4d6849d28d8adc33493c401) Importer(815301076,1909f56bfc062723c751e8b465ee728b) [PhysX] Initialized MultithreadedTaskDispatcher with 10 workers.
[PhysX] Initialized MultithreadedTaskDispatcher with 10 workers.
 -> (artifact id: 'b4dbcc07fb91aa66dd49ca3f8cae7715') in 0.007558 seconds
Number of updated asset objects reloaded before import = 0
Number of asset objects unloaded after import = 3
========================================================================
Received Import Request.
  Time since last request: 0.000066 seconds.
  path: Assets/Level 2/Layer 5.png
  artifactKey: Guid(24a3c2be2d83341ffb1abad53fceb5a8) Importer(815301076,1909f56bfc062723c751e8b465ee728b)
Start importing Assets/Level 2/Layer 5.png using Guid(24a3c2be2d83341ffb1abad53fceb5a8) Importer(815301076,1909f56bfc062723c751e8b465ee728b) [PhysX] Initialized MultithreadedTaskDispatcher with 10 workers.
[PhysX] Initialized MultithreadedTaskDispatcher with 10 workers.
 -> (artifact id: '90d0656c91fa0368280ae4db9b898c3a') in 0.006443 seconds
Number of updated asset objects reloaded before import = 0
Number of asset objects unloaded after import = 3
========================================================================
Received Import Request.
  Time since last request: 0.000097 seconds.
  path: Assets/Level 2/Layer 11.png
  artifactKey: Guid(4241e105e6f7042a496412fe4092be0c) Importer(815301076,1909f56bfc062723c751e8b465ee728b)
Start importing Assets/Level 2/Layer 11.png using Guid(4241e105e6f7042a496412fe4092be0c) Importer(815301076,1909f56bfc062723c751e8b465ee728b) [PhysX] Initialized MultithreadedTaskDispatcher with 10 workers.
[PhysX] Initialized MultithreadedTaskDispatcher with 10 workers.
 -> (artifact id: 'e1ede288e8d4094935439ccd1ab56af3') in 0.005114 seconds
Number of updated asset objects reloaded before import = 0
Number of asset objects unloaded after import = 3
========================================================================
Received Import Request.
  Time since last request: 0.000099 seconds.
  path: Assets/Level 2/Layer 10.png
  artifactKey: Guid(cc3000a19a4ef4282a87fe07d1ccacf4) Importer(815301076,1909f56bfc062723c751e8b465ee728b)
Start importing Assets/Level 2/Layer 10.png using Guid(cc3000a19a4ef4282a87fe07d1ccacf4) Importer(815301076,1909f56bfc062723c751e8b465ee728b) [PhysX] Initialized MultithreadedTaskDispatcher with 10 workers.
[PhysX] Initialized MultithreadedTaskDispatcher with 10 workers.
 -> (artifact id: 'd56603811a1317c7287ea8cab4728e83') in 0.006672 seconds
Number of updated asset objects reloaded before import = 0
Number of asset objects unloaded after import = 3
========================================================================
Received Import Request.
  Time since last request: 0.000093 seconds.
  path: Assets/Level 2/Layer 3.png
  artifactKey: Guid(3bca9af33f07c47db9ffc038f41cdb4e) Importer(815301076,1909f56bfc062723c751e8b465ee728b)
Start importing Assets/Level 2/Layer 3.png using Guid(3bca9af33f07c47db9ffc038f41cdb4e) Importer(815301076,1909f56bfc062723c751e8b465ee728b) [PhysX] Initialized MultithreadedTaskDispatcher with 10 workers.
[PhysX] Initialized MultithreadedTaskDispatcher with 10 workers.
 -> (artifact id: '440184206945a611d819d771590c2110') in 0.005776 seconds
Number of updated asset objects reloaded before import = 0
Number of asset objects unloaded after import = 3
========================================================================
Received Import Request.
  Time since last request: 0.000093 seconds.
  path: Assets/Level 2/Layer 6.png
  artifactKey: Guid(c4278dc5eea9e4a05a99b3190d7899e8) Importer(815301076,1909f56bfc062723c751e8b465ee728b)
Start importing Assets/Level 2/Layer 6.png using Guid(c4278dc5eea9e4a05a99b3190d7899e8) Importer(815301076,1909f56bfc062723c751e8b465ee728b) [PhysX] Initialized MultithreadedTaskDispatcher with 10 workers.
[PhysX] Initialized MultithreadedTaskDispatcher with 10 workers.
 -> (artifact id: '3ebb895742004e3f13e0a979b1227381') in 0.003114 seconds
Number of updated asset objects reloaded before import = 0
Number of asset objects unloaded after import = 3
========================================================================
Received Prepare
Caller must complete domain reload
Begin MonoManager ReloadAssembly
Thread 0x31c587000 may have been prematurely finalized
- Loaded All Assemblies, in  0.687 seconds
Native extension for iOS target not found
Native extension for OSXStandalone target not found
Mono: successfully reloaded assembly
- Finished resetting the current domain, in  0.330 seconds
Domain Reload Profiling: 1018ms
	BeginReloadAssembly (489ms)
		ExecutionOrderSort (0ms)
		DisableScriptedObjects (396ms)
		BackupInstance (0ms)
		ReleaseScriptingObjects (0ms)
		CreateAndSetChildDomain (45ms)
	RebuildCommonClasses (18ms)
	RebuildNativeTypeToScriptingClass (6ms)
	initialDomainReloadingComplete (16ms)
	LoadAllAssembliesAndSetupDomain (159ms)
		LoadAssemblies (170ms)
		RebuildTransferFunctionScriptingTraits (0ms)
		AnalyzeDomain (15ms)
			TypeCache.Refresh (5ms)
				TypeCache.ScanAssembly (0ms)
			ScanForSourceGeneratedMonoScriptInfo (0ms)
			ResolveRequiredComponents (10ms)
	FinalizeReload (330ms)
		ReleaseScriptCaches (0ms)
		RebuildScriptCaches (0ms)
		SetupLoadedEditorAssemblies (233ms)
			LogAssemblyErrors (0ms)
			InitializePlatformSupportModulesInManaged (15ms)
			SetLoadedEditorAssemblies (3ms)
			RefreshPlugins (0ms)
			BeforeProcessingInitializeOnLoad (34ms)
			ProcessInitializeOnLoadAttributes (166ms)
			ProcessInitializeOnLoadMethodAttributes (14ms)
			AfterProcessingInitializeOnLoad (1ms)
			EditorAssembliesLoaded (0ms)
		ExecutionOrderSort2 (0ms)
		AwakeInstancesAfterBackupRestoration (4ms)
Refreshing native plugins compatible for Editor in 0.76 ms, found 3 plugins.
Preloading 0 native plugins for Editor in 0.00 ms.
Unloading 4690 Unused Serialized files (Serialized files now loaded: 0)
Unloading 25 unused Assets / (172.6 KB). Loaded Objects now: 5206.
Memory consumption went from 164.0 MB to 163.8 MB.
Total: 2.446500 ms (FindLiveObjects: 0.131000 ms CreateObjectMapping: 0.051250 ms MarkObjects: 2.155834 ms  DeleteObjects: 0.108000 ms)

Prepare: number of updated asset objects reloaded= 0
AssetImportParameters requested are different than current active one (requested -> active):
  custom:container-demuxer-ogg: 62fdf1f143b41e24485cea50d1cbac27 -> 
  custom:video-decoder-ogg-theora: a1e56fd34408186e4bbccfd4996cb3dc -> 
  custom:CustomObjectIndexerAttribute: 9a22284fe3817be447336de3de66b15e -> 
  custom:container-demuxer-webm: 4f35f7cbe854078d1ac9338744f61a02 -> 
  custom:container-muxer-webm: aa71ff27fc2769a1b78a27578f13a17b -> 
  custom:video-decoder-webm-vp8: 9c59270c3fd7afecdb556c50c9e8de78 -> 
  custom:SearchIndexIgnoredProperties: e643bd26f0fe6173181afceb89e7c659 -> 
  custom:AudioImporter_EditorPlatform: 3918e3fc78b5a79bad01e8451be0beb8 -> 
  custom:framework-osx-AVFoundation: e770b220cccbd017edd2c1fefb359320 -> 
  custom:video-encoder-webm-vp8: eb34c28f22e8b96e1ab97ce403110664 -> 
  custom:audio-decoder-ogg-vorbis: bf7c407c2cedff20999df2af8eb42d56 -> 
  custom:audio-encoder-webm-vorbis: bf7c407c2cedff20999df2af8eb42d56 -> 
========================================================================
Received Import Request.
  Time since last request: 369.880619 seconds.
  path: Assets/Screenshot 2025-02-05 at 11.52.23 PM.png
  artifactKey: Guid(f15b4f95991b847f19a433be25793a95) Importer(815301076,1909f56bfc062723c751e8b465ee728b)
Start importing Assets/Screenshot 2025-02-05 at 11.52.23 PM.png using Guid(f15b4f95991b847f19a433be25793a95) Importer(815301076,1909f56bfc062723c751e8b465ee728b) [PhysX] Initialized MultithreadedTaskDispatcher with 10 workers.
[PhysX] Initialized MultithreadedTaskDispatcher with 10 workers.
 -> (artifact id: '10d3eaea757c654f9203be21a7d7ca5f') in 0.068375 seconds
Number of updated asset objects reloaded before import = 0
Number of asset objects unloaded after import = 3
========================================================================
Received Import Request.
  Time since last request: 10.733717 seconds.
  path: Assets/Room 02.png
  artifactKey: Guid(f15b4f95991b847f19a433be25793a95) Importer(815301076,1909f56bfc062723c751e8b465ee728b)
Start importing Assets/Room 02.png using Guid(f15b4f95991b847f19a433be25793a95) Importer(815301076,1909f56bfc062723c751e8b465ee728b) [PhysX] Initialized MultithreadedTaskDispatcher with 10 workers.
[PhysX] Initialized MultithreadedTaskDispatcher with 10 workers.
 -> (artifact id: '712096fc131393e3682dca864640edbf') in 0.032126 seconds
Number of updated asset objects reloaded before import = 0
Number of asset objects unloaded after import = 3
========================================================================
Received Prepare
Caller must complete domain reload
Begin MonoManager ReloadAssembly
Thread 0x17e887000 may have been prematurely finalized
- Loaded All Assemblies, in  0.252 seconds
Native extension for iOS target not found
Native extension for OSXStandalone target not found
Mono: successfully reloaded assembly
- Finished resetting the current domain, in  0.727 seconds
Domain Reload Profiling: 979ms
	BeginReloadAssembly (89ms)
		ExecutionOrderSort (0ms)
		DisableScriptedObjects (7ms)
		BackupInstance (0ms)
		ReleaseScriptingObjects (0ms)
		CreateAndSetChildDomain (38ms)
	RebuildCommonClasses (18ms)
	RebuildNativeTypeToScriptingClass (6ms)
	initialDomainReloadingComplete (16ms)
	LoadAllAssembliesAndSetupDomain (124ms)
		LoadAssemblies (132ms)
		RebuildTransferFunctionScriptingTraits (0ms)
		AnalyzeDomain (16ms)
			TypeCache.Refresh (5ms)
				TypeCache.ScanAssembly (0ms)
			ScanForSourceGeneratedMonoScriptInfo (0ms)
			ResolveRequiredComponents (10ms)
	FinalizeReload (727ms)
		ReleaseScriptCaches (0ms)
		RebuildScriptCaches (0ms)
		SetupLoadedEditorAssemblies (232ms)
			LogAssemblyErrors (0ms)
			InitializePlatformSupportModulesInManaged (14ms)
			SetLoadedEditorAssemblies (3ms)
			RefreshPlugins (0ms)
			BeforeProcessingInitializeOnLoad (33ms)
			ProcessInitializeOnLoadAttributes (167ms)
			ProcessInitializeOnLoadMethodAttributes (14ms)
			AfterProcessingInitializeOnLoad (0ms)
			EditorAssembliesLoaded (0ms)
		ExecutionOrderSort2 (0ms)
		AwakeInstancesAfterBackupRestoration (4ms)
Refreshing native plugins compatible for Editor in 0.83 ms, found 3 plugins.
Preloading 0 native plugins for Editor in 0.00 ms.
Unloading 4690 Unused Serialized files (Serialized files now loaded: 0)
Unloading 25 unused Assets / (172.7 KB). Loaded Objects now: 5212.
Memory consumption went from 170.3 MB to 170.2 MB.
Total: 2.504958 ms (FindLiveObjects: 0.122584 ms CreateObjectMapping: 0.046333 ms MarkObjects: 2.218458 ms  DeleteObjects: 0.117292 ms)

Prepare: number of updated asset objects reloaded= 0
AssetImportParameters requested are different than current active one (requested -> active):
  custom:container-demuxer-ogg: 62fdf1f143b41e24485cea50d1cbac27 -> 
  custom:video-decoder-ogg-theora: a1e56fd34408186e4bbccfd4996cb3dc -> 
  custom:CustomObjectIndexerAttribute: 9a22284fe3817be447336de3de66b15e -> 
  custom:container-demuxer-webm: 4f35f7cbe854078d1ac9338744f61a02 -> 
  custom:container-muxer-webm: aa71ff27fc2769a1b78a27578f13a17b -> 
  custom:video-decoder-webm-vp8: 9c59270c3fd7afecdb556c50c9e8de78 -> 
  custom:SearchIndexIgnoredProperties: e643bd26f0fe6173181afceb89e7c659 -> 
  custom:AudioImporter_EditorPlatform: 3918e3fc78b5a79bad01e8451be0beb8 -> 
  custom:framework-osx-AVFoundation: e770b220cccbd017edd2c1fefb359320 -> 
  custom:video-encoder-webm-vp8: eb34c28f22e8b96e1ab97ce403110664 -> 
  custom:audio-decoder-ogg-vorbis: bf7c407c2cedff20999df2af8eb42d56 -> 
  custom:audio-encoder-webm-vorbis: bf7c407c2cedff20999df2af8eb42d56 -> 
========================================================================
Received Import Request.
  Time since last request: 370.740083 seconds.
  path: Assets/Level 2/Layer 14.png
  artifactKey: Guid(ded4317b14d894d419425745126f4bd4) Importer(815301076,1909f56bfc062723c751e8b465ee728b)
Start importing Assets/Level 2/Layer 14.png using Guid(ded4317b14d894d419425745126f4bd4) Importer(815301076,1909f56bfc062723c751e8b465ee728b) [PhysX] Initialized MultithreadedTaskDispatcher with 10 workers.
[PhysX] Initialized MultithreadedTaskDispatcher with 10 workers.
 -> (artifact id: '9005b5594727da614108dda8437b4ae2') in 0.092840 seconds
Number of updated asset objects reloaded before import = 0
Number of asset objects unloaded after import = 3
========================================================================
Received Import Request.
  Time since last request: 11.226857 seconds.
  path: Assets/Level 2/Layer 15.png
  artifactKey: Guid(aa7ae2720103943aea5fe422a83fb905) Importer(815301076,1909f56bfc062723c751e8b465ee728b)
Start importing Assets/Level 2/Layer 15.png using Guid(aa7ae2720103943aea5fe422a83fb905) Importer(815301076,1909f56bfc062723c751e8b465ee728b) [PhysX] Initialized MultithreadedTaskDispatcher with 10 workers.
[PhysX] Initialized MultithreadedTaskDispatcher with 10 workers.
 -> (artifact id: 'fec5a24104ffb0a81368f9ac4ad1645e') in 0.008934 seconds
Number of updated asset objects reloaded before import = 0
Number of asset objects unloaded after import = 3
========================================================================
Received Import Request.
  Time since last request: 723.702748 seconds.
  path: Assets/Level 2/Layer 16.png
  artifactKey: Guid(c78088a59e2ba4488b7d9b87b88c952a) Importer(815301076,1909f56bfc062723c751e8b465ee728b)
Start importing Assets/Level 2/Layer 16.png using Guid(c78088a59e2ba4488b7d9b87b88c952a) Importer(815301076,1909f56bfc062723c751e8b465ee728b) [PhysX] Initialized MultithreadedTaskDispatcher with 10 workers.
[PhysX] Initialized MultithreadedTaskDispatcher with 10 workers.
 -> (artifact id: '15ba70997ccc05b72af3ee4d22c529fb') in 0.058458 seconds
Number of updated asset objects reloaded before import = 0
Number of asset objects unloaded after import = 3
========================================================================
Received Import Request.
  Time since last request: 16.369211 seconds.
  path: Assets/Level 2/Layer 16.png
  artifactKey: Guid(c78088a59e2ba4488b7d9b87b88c952a) Importer(815301076,1909f56bfc062723c751e8b465ee728b)
Start importing Assets/Level 2/Layer 16.png using Guid(c78088a59e2ba4488b7d9b87b88c952a) Importer(815301076,1909f56bfc062723c751e8b465ee728b) [PhysX] Initialized MultithreadedTaskDispatcher with 10 workers.
[PhysX] Initialized MultithreadedTaskDispatcher with 10 workers.
 -> (artifact id: '73882800a6b7f036543f00b85bd31b2e') in 0.008827 seconds
Number of updated asset objects reloaded before import = 0
Number of asset objects unloaded after import = 3
========================================================================
Received Import Request.
  Time since last request: 309.627460 seconds.
  path: Assets/Level 2/Layer 17.png
  artifactKey: Guid(f16d1d14f91be4cd0a1021a82994cff7) Importer(815301076,1909f56bfc062723c751e8b465ee728b)
Start importing Assets/Level 2/Layer 17.png using Guid(f16d1d14f91be4cd0a1021a82994cff7) Importer(815301076,1909f56bfc062723c751e8b465ee728b) [PhysX] Initialized MultithreadedTaskDispatcher with 10 workers.
[PhysX] Initialized MultithreadedTaskDispatcher with 10 workers.
 -> (artifact id: 'ca2dd7bc0dfae99458a0d9fe2af43ed1') in 0.111391 seconds
Number of updated asset objects reloaded before import = 0
Number of asset objects unloaded after import = 3
========================================================================
Received Import Request.
  Time since last request: 0.000074 seconds.
  path: Assets/Level 2/Layer 20.png
  artifactKey: Guid(f7c64177a2f9a4001abc5277f1c1ef9c) Importer(815301076,1909f56bfc062723c751e8b465ee728b)
Start importing Assets/Level 2/Layer 20.png using Guid(f7c64177a2f9a4001abc5277f1c1ef9c) Importer(815301076,1909f56bfc062723c751e8b465ee728b) [PhysX] Initialized MultithreadedTaskDispatcher with 10 workers.
[PhysX] Initialized MultithreadedTaskDispatcher with 10 workers.
 -> (artifact id: 'c877a85c357b84af1aeef8fff6c272e6') in 0.005342 seconds
Number of updated asset objects reloaded before import = 0
Number of asset objects unloaded after import = 3
========================================================================
Received Import Request.
  Time since last request: 26.697197 seconds.
  path: Assets/Level 2/Layer 18.png
  artifactKey: Guid(b2086971946b64b7099291951355a35d) Importer(815301076,1909f56bfc062723c751e8b465ee728b)
Start importing Assets/Level 2/Layer 18.png using Guid(b2086971946b64b7099291951355a35d) Importer(815301076,1909f56bfc062723c751e8b465ee728b) [PhysX] Initialized MultithreadedTaskDispatcher with 10 workers.
[PhysX] Initialized MultithreadedTaskDispatcher with 10 workers.
 -> (artifact id: '87e6fcd3955a5eace3f9ee28a573d2d8') in 0.010159 seconds
Number of updated asset objects reloaded before import = 0
Number of asset objects unloaded after import = 3
========================================================================
Received Import Request.
  Time since last request: 0.000037 seconds.
  path: Assets/Level 2/Layer 20.png
  artifactKey: Guid(f7c64177a2f9a4001abc5277f1c1ef9c) Importer(815301076,1909f56bfc062723c751e8b465ee728b)
Start importing Assets/Level 2/Layer 20.png using Guid(f7c64177a2f9a4001abc5277f1c1ef9c) Importer(815301076,1909f56bfc062723c751e8b465ee728b) [PhysX] Initialized MultithreadedTaskDispatcher with 10 workers.
[PhysX] Initialized MultithreadedTaskDispatcher with 10 workers.
 -> (artifact id: '85360407ec7d6af628e671e929784b0f') in 0.005623 seconds
Number of updated asset objects reloaded before import = 0
Number of asset objects unloaded after import = 3
========================================================================
Received Import Request.
  Time since last request: 0.000079 seconds.
  path: Assets/Level 2/Layer 19.png
  artifactKey: Guid(50aa4e89493cc49639f3360f09a855a3) Importer(815301076,1909f56bfc062723c751e8b465ee728b)
Start importing Assets/Level 2/Layer 19.png using Guid(50aa4e89493cc49639f3360f09a855a3) Importer(815301076,1909f56bfc062723c751e8b465ee728b) [PhysX] Initialized MultithreadedTaskDispatcher with 10 workers.
[PhysX] Initialized MultithreadedTaskDispatcher with 10 workers.
 -> (artifact id: '39d428c86fd5d933b0a96c769824f71a') in 0.006578 seconds
Number of updated asset objects reloaded before import = 0
Number of asset objects unloaded after import = 3
========================================================================
Received Import Request.
  Time since last request: 423.956002 seconds.
  path: Assets/Level 2/Layer 21.png
  artifactKey: Guid(31d6a162a00ef4998b73e0153c532706) Importer(815301076,1909f56bfc062723c751e8b465ee728b)
Start importing Assets/Level 2/Layer 21.png using Guid(31d6a162a00ef4998b73e0153c532706) Importer(815301076,1909f56bfc062723c751e8b465ee728b) [PhysX] Initialized MultithreadedTaskDispatcher with 10 workers.
[PhysX] Initialized MultithreadedTaskDispatcher with 10 workers.
 -> (artifact id: '02a4b320c76b7f22743e32a2f5dbf4ac') in 0.036870 seconds
Number of updated asset objects reloaded before import = 0
Number of asset objects unloaded after import = 3
========================================================================
Received Import Request.
  Time since last request: 94.645359 seconds.
  path: Assets/Screenshot 2025-02-06 at 12.25.33 AM.png
  artifactKey: Guid(61a40c4991a7644dc896090894f33779) Importer(815301076,1909f56bfc062723c751e8b465ee728b)
Start importing Assets/Screenshot 2025-02-06 at 12.25.33 AM.png using Guid(61a40c4991a7644dc896090894f33779) Importer(815301076,1909f56bfc062723c751e8b465ee728b) [PhysX] Initialized MultithreadedTaskDispatcher with 10 workers.
[PhysX] Initialized MultithreadedTaskDispatcher with 10 workers.
 -> (artifact id: '984a8b2cee91bb9e3734091d6ee7d2c2') in 0.039136 seconds
Number of updated asset objects reloaded before import = 0
Number of asset objects unloaded after import = 3
========================================================================
Received Import Request.
  Time since last request: 9.871888 seconds.
  path: Assets/Room 03.png
  artifactKey: Guid(61a40c4991a7644dc896090894f33779) Importer(815301076,1909f56bfc062723c751e8b465ee728b)
Start importing Assets/Room 03.png using Guid(61a40c4991a7644dc896090894f33779) Importer(815301076,1909f56bfc062723c751e8b465ee728b) [PhysX] Initialized MultithreadedTaskDispatcher with 10 workers.
[PhysX] Initialized MultithreadedTaskDispatcher with 10 workers.
 -> (artifact id: '4a04fb22acb8b2246786dee4ead83a66') in 0.071544 seconds
Number of updated asset objects reloaded before import = 0
Number of asset objects unloaded after import = 3
========================================================================
Received Import Request.
  Time since last request: 712.008744 seconds.
  path: Assets/Level 2/Layer 22.png
  artifactKey: Guid(bbc0832d8d7054bae9e06e0f85e2667e) Importer(815301076,1909f56bfc062723c751e8b465ee728b)
Start importing Assets/Level 2/Layer 22.png using Guid(bbc0832d8d7054bae9e06e0f85e2667e) Importer(815301076,1909f56bfc062723c751e8b465ee728b) [PhysX] Initialized MultithreadedTaskDispatcher with 10 workers.
[PhysX] Initialized MultithreadedTaskDispatcher with 10 workers.
 -> (artifact id: '497a5c1c47fcf691202c58d498c78025') in 0.074411 seconds
Number of updated asset objects reloaded before import = 0
Number of asset objects unloaded after import = 3
========================================================================
Received Import Request.
  Time since last request: 28.576914 seconds.
  path: Assets/Level 2/Layer 22.png
  artifactKey: Guid(bbc0832d8d7054bae9e06e0f85e2667e) Importer(815301076,1909f56bfc062723c751e8b465ee728b)
Start importing Assets/Level 2/Layer 22.png using Guid(bbc0832d8d7054bae9e06e0f85e2667e) Importer(815301076,1909f56bfc062723c751e8b465ee728b) [PhysX] Initialized MultithreadedTaskDispatcher with 10 workers.
[PhysX] Initialized MultithreadedTaskDispatcher with 10 workers.
 -> (artifact id: '836f6670947d6acf49c1004d264d55b4') in 0.009221 seconds
Number of updated asset objects reloaded before import = 0
Number of asset objects unloaded after import = 3
========================================================================
Received Import Request.
  Time since last request: 0.001620 seconds.
  path: Assets/Level 2/Layer 23.png
  artifactKey: Guid(0b50e1bde4a3e4d02a7267e56fede761) Importer(815301076,1909f56bfc062723c751e8b465ee728b)
Start importing Assets/Level 2/Layer 23.png using Guid(0b50e1bde4a3e4d02a7267e56fede761) Importer(815301076,1909f56bfc062723c751e8b465ee728b) [PhysX] Initialized MultithreadedTaskDispatcher with 10 workers.
[PhysX] Initialized MultithreadedTaskDispatcher with 10 workers.
 -> (artifact id: '3235abf507c8084ca8f437606500df96') in 0.003527 seconds
Number of updated asset objects reloaded before import = 0
Number of asset objects unloaded after import = 3
========================================================================
Received Prepare
Caller must complete domain reload
Begin MonoManager ReloadAssembly
Thread 0x17e887000 may have been prematurely finalized
- Loaded All Assemblies, in  0.284 seconds
Native extension for iOS target not found
Native extension for OSXStandalone target not found
Mono: successfully reloaded assembly
- Finished resetting the current domain, in  0.755 seconds
Domain Reload Profiling: 1040ms
	BeginReloadAssembly (94ms)
		ExecutionOrderSort (0ms)
		DisableScriptedObjects (9ms)
		BackupInstance (0ms)
		ReleaseScriptingObjects (0ms)
		CreateAndSetChildDomain (38ms)
	RebuildCommonClasses (17ms)
	RebuildNativeTypeToScriptingClass (6ms)
	initialDomainReloadingComplete (11ms)
	LoadAllAssembliesAndSetupDomain (157ms)
		LoadAssemblies (171ms)
		RebuildTransferFunctionScriptingTraits (0ms)
		AnalyzeDomain (13ms)
			TypeCache.Refresh (4ms)
				TypeCache.ScanAssembly (0ms)
			ScanForSourceGeneratedMonoScriptInfo (0ms)
			ResolveRequiredComponents (8ms)
	FinalizeReload (755ms)
		ReleaseScriptCaches (0ms)
		RebuildScriptCaches (0ms)
		SetupLoadedEditorAssemblies (263ms)
			LogAssemblyErrors (0ms)
			InitializePlatformSupportModulesInManaged (50ms)
			SetLoadedEditorAssemblies (3ms)
			RefreshPlugins (0ms)
			BeforeProcessingInitializeOnLoad (34ms)
			ProcessInitializeOnLoadAttributes (162ms)
			ProcessInitializeOnLoadMethodAttributes (14ms)
			AfterProcessingInitializeOnLoad (1ms)
			EditorAssembliesLoaded (0ms)
		ExecutionOrderSort2 (0ms)
		AwakeInstancesAfterBackupRestoration (4ms)
Refreshing native plugins compatible for Editor in 0.83 ms, found 3 plugins.
Preloading 0 native plugins for Editor in 0.00 ms.
Unloading 4690 Unused Serialized files (Serialized files now loaded: 0)
Unloading 25 unused Assets / (172.6 KB). Loaded Objects now: 5248.
Memory consumption went from 174.5 MB to 174.3 MB.
Total: 2.427917 ms (FindLiveObjects: 0.134500 ms CreateObjectMapping: 0.044625 ms MarkObjects: 2.106875 ms  DeleteObjects: 0.141250 ms)

Prepare: number of updated asset objects reloaded= 0
AssetImportParameters requested are different than current active one (requested -> active):
  custom:container-demuxer-ogg: 62fdf1f143b41e24485cea50d1cbac27 -> 
  custom:video-decoder-ogg-theora: a1e56fd34408186e4bbccfd4996cb3dc -> 
  custom:CustomObjectIndexerAttribute: 9a22284fe3817be447336de3de66b15e -> 
  custom:container-demuxer-webm: 4f35f7cbe854078d1ac9338744f61a02 -> 
  custom:container-muxer-webm: aa71ff27fc2769a1b78a27578f13a17b -> 
  custom:video-decoder-webm-vp8: 9c59270c3fd7afecdb556c50c9e8de78 -> 
  custom:SearchIndexIgnoredProperties: e643bd26f0fe6173181afceb89e7c659 -> 
  custom:AudioImporter_EditorPlatform: 3918e3fc78b5a79bad01e8451be0beb8 -> 
  custom:framework-osx-AVFoundation: e770b220cccbd017edd2c1fefb359320 -> 
  custom:video-encoder-webm-vp8: eb34c28f22e8b96e1ab97ce403110664 -> 
  custom:audio-decoder-ogg-vorbis: bf7c407c2cedff20999df2af8eb42d56 -> 
  custom:audio-encoder-webm-vorbis: bf7c407c2cedff20999df2af8eb42d56 -> 
